[debug] [2024-11-08T23:05:12.324Z] ----------------------------------------------------------------------
[debug] [2024-11-08T23:05:12.326Z] Command:       C:\Program Files\nodejs\node.exe C:\Users\jaide\AppData\Roaming\npm\node_modules\firebase-tools\lib\bin\firebase.js init
[debug] [2024-11-08T23:05:12.326Z] CLI Version:   13.24.2
[debug] [2024-11-08T23:05:12.326Z] Platform:      win32
[debug] [2024-11-08T23:05:12.326Z] Node Version:  v20.10.0
[debug] [2024-11-08T23:05:12.326Z] Time:          Fri Nov 08 2024 18:05:12 GMT-0500 (Eastern Standard Time)
[debug] [2024-11-08T23:05:12.327Z] ----------------------------------------------------------------------
[debug] 
[debug] [2024-11-08T23:05:12.331Z] > command requires scopes: ["email","openid","https://www.googleapis.com/auth/cloudplatformprojects.readonly","https://www.googleapis.com/auth/firebase","https://www.googleapis.com/auth/cloud-platform"]
[debug] [2024-11-08T23:05:12.331Z] > authorizing via signed-in user (jaideepgrover147@gmail.com)
[info] 
     ######## #### ########  ######## ########     ###     ######  ########
     ##        ##  ##     ## ##       ##     ##  ##   ##  ##       ##
     ######    ##  ########  ######   ########  #########  ######  ######
     ##        ##  ##    ##  ##       ##     ## ##     ##       ## ##
     ##       #### ##     ## ######## ########  ##     ##  ######  ########

You're about to initialize a Firebase project in this directory:

  C:\Projects\restaurant-cms

Before we get started, keep in mind:

  * You are currently outside your home directory

[info] 
=== Project Setup
[info] 
[info] First, let's associate this project directory with a Firebase project.
[info] You can create multiple project aliases by running firebase use --add, 
[info] but for now we'll just set up a default project.
[info] 
[debug] [2024-11-08T23:05:23.391Z] Checked if tokens are valid: false, expires at: 1702410671286
[debug] [2024-11-08T23:05:23.392Z] Checked if tokens are valid: false, expires at: 1702410671286
[debug] [2024-11-08T23:05:23.392Z] > refreshing access token with scopes: []
[debug] [2024-11-08T23:05:23.394Z] >>> [apiv2][query] POST https://www.googleapis.com/oauth2/v3/token [none]
[debug] [2024-11-08T23:05:23.394Z] >>> [apiv2][body] POST https://www.googleapis.com/oauth2/v3/token [omitted]
[debug] [2024-11-08T23:05:23.563Z] <<< [apiv2][status] POST https://www.googleapis.com/oauth2/v3/token 400
[debug] [2024-11-08T23:05:23.563Z] <<< [apiv2][body] POST https://www.googleapis.com/oauth2/v3/token [omitted]
[debug] [2024-11-08T23:05:23.564Z] >>> [apiv2][query] GET https://firebase.googleapis.com/v1beta1/projects pageSize=100
[debug] [2024-11-08T23:05:23.774Z] <<< [apiv2][status] GET https://firebase.googleapis.com/v1beta1/projects 401
[debug] [2024-11-08T23:05:23.775Z] <<< [apiv2][body] GET https://firebase.googleapis.com/v1beta1/projects [omitted]
[debug] [2024-11-08T23:05:23.775Z] Got a 401 Unauthenticated error for a call that required authentication. Refreshing tokens.
[debug] [2024-11-08T23:05:23.775Z] Checked if tokens are valid: false, expires at: 1702410671286
[debug] [2024-11-08T23:05:23.775Z] Checked if tokens are valid: false, expires at: 1702410671286
[debug] [2024-11-08T23:05:23.775Z] > refreshing access token with scopes: []
[debug] [2024-11-08T23:05:23.775Z] >>> [apiv2][query] POST https://www.googleapis.com/oauth2/v3/token [none]
[debug] [2024-11-08T23:05:23.775Z] >>> [apiv2][body] POST https://www.googleapis.com/oauth2/v3/token [omitted]
[debug] [2024-11-08T23:05:23.837Z] <<< [apiv2][status] POST https://www.googleapis.com/oauth2/v3/token 400
[debug] [2024-11-08T23:05:23.838Z] <<< [apiv2][body] POST https://www.googleapis.com/oauth2/v3/token [omitted]
[debug] [2024-11-08T23:05:23.838Z] Request to https://firebase.googleapis.com/v1beta1/projects?pageSize=100 had HTTP Error: 401, Request had invalid authentication credentials. Expected OAuth 2 access token, login cookie or other valid authentication credential. See https://developers.google.com/identity/sign-in/web/devconsole-project.
[debug] [2024-11-08T23:05:23.965Z] FirebaseError: Request to https://firebase.googleapis.com/v1beta1/projects?pageSize=100 had HTTP Error: 401, Request had invalid authentication credentials. Expected OAuth 2 access token, login cookie or other valid authentication credential. See https://developers.google.com/identity/sign-in/web/devconsole-project.
    at responseToError (C:\Users\jaide\AppData\Roaming\npm\node_modules\firebase-tools\lib\responseToError.js:52:12)
    at RetryOperation._fn (C:\Users\jaide\AppData\Roaming\npm\node_modules\firebase-tools\lib\apiv2.js:312:77)
    at process.processTicksAndRejections (node:internal/process/task_queues:95:5)
[error] 
[error] Error: Failed to list Firebase projects. See firebase-debug.log for more info.
